9517714,B6,286,LGB,JFK,1345593600,1345672800,1345676760,1345672800,1345694400,1345593600,1345647600,1345651560,1345647600,1345680000,1,0,0,24,24,0,0,0,0,0,0,0,0,0,0,0,0,0,0,0
9503231,B6,65,JFK,TPA,1345852800,1345904100,1345913940,1345904100,1345913940,1345852800,1345889700,1345899540,1345889700,1345899540,0,0,0,115,115,7,108,0,0,0,0,0,0,1,0,1,1,0,0,0
9524876,B6,401,BOS,MSY,1345852800,1345904700,1345917180,1345904700,1345917180,1345852800,1345890300,1345899180,1345890300,1345899180,0,0,0,76,76,6,70,0,0,0,0,0,0,0,0,0,0,0,0,0
9512508,B6,197,JFK,LAS,1345852800,1345904940,1345924560,1345904940,1345924560,1345852800,1345890540,1345899360,1345890540,1345899360,0,0,0,138,138,38,100,0,0,0,0,0,0,0,0,0,0,0,0,0
9651961,B6,487,BOS,LAX,1345852800,1345905300,1345927320,1345905300,1345927320,1345852800,1345890900,1345902120,1345890900,1345902120,0,0,0,113,113,30,83,0,0,0,0,0,0,1,0,0,0,0,0,0
9537367,B6,600,JFK,PWM,1345852800,1345905900,1345910280,1345905900,1345910280,1345852800,1345891500,1345895880,1345891500,1345895880,0,0,0,87,87,11,76,0,0,0,0,0,0,0,0,0,0,0,0,0
9574863,B6,1227,BOS,RDU,1345852800,1345905900,1345912680,1345905900,1345912680,1345852800,1345891500,1345898280,1345891500,1345898280,0,0,0,86,86,17,69,0,0,0,0,0,0,0,0,0,0,0,0,0
9643773,B6,373,LGA,FLL,1345852800,1345906500,1345917540,1345906500,1345917540,1345852800,1345892100,1345903140,1345892100,1345903140,0,0,0,128,128,22,106,0,0,0,0,0,0,0,0,0,0,0,0,0
9564578,B6,969,BOS,FLL,1345852800,1345906500,1345918020,1345906500,1345918020,1345852800,1345892100,1345903620,1345892100,1345903620,0,0,0,119,119,18,101,0,0,0,0,0,4,0,0,0,0,0,0,0
9545392,B6,687,BOS,DCA,1345852800,1345906800,1345912320,1345906800,1345912320,1345852800,1345892400,1345897920,1345892400,1345897920,0,0,0,150,150,22,128,0,0,0,0,0,4,0,0,0,0,0,0,0
9573820,B6,1217,BOS,BUF,1345852800,1345907100,1345912260,1345907100,1345912260,1345852800,1345892700,1345897860,1345892700,1345897860,0,0,0,94,94,24,70,0,0,0,0,0,0,0,0,0,0,0,0,0
9675122,B6,809,BOS,JFK,1345852800,1345907340,1345911540,1345907340,1345911540,1345852800,1345892940,1345897140,1345892940,1345897140,0,0,0,9,9,2,7,0,0,0,0,0,0,2,7,0,7,0,0,0
9502253,B6,57,JFK,PBI,1345852800,1345907400,1345917120,1345907400,1345917120,1345852800,1345893000,1345902720,1345893000,1345902720,0,0,0,149,149,17,132,0,0,0,0,0,0,0,0,0,0,0,0,0
9532020,B6,523,EWR,MCO,1345852800,1345907940,1345917300,1345907940,1345917300,1345852800,1345893540,1345902900,1345893540,1345902900,0,0,0,87,87,33,54,0,0,0,0,0,0,0,0,0,0,0,0,0
9503307,B6,66,JFK,BUF,1345852800,1345908540,1345913340,1345908540,1345913340,1345852800,1345894140,1345898940,1345894140,1345898940,0,0,0,54,54,31,23,0,0,0,0,0,0,0,0,0,0,0,0,0
9499302,B6,31,JFK,MCO,1345852800,1345908540,1345918080,1345908540,1345918080,1345852800,1345894140,1345903680,1345894140,1345903680,0,0,0,77,77,31,46,0,0,0,0,0,0,0,0,0,0,0,0,0
9508626,B6,139,BUF,JFK,1345852800,1345908780,1345913460,1345908780,1345913460,1345852800,1345894380,1345899060,1345894380,1345899060,0,0,0,131,131,56,75,0,0,0,0,0,0,2,0,0,0,0,0,0
9539482,B6,625,JFK,HOU,1345852800,1345909500,1345922580,1345909500,1345922580,1345852800,1345895100,1345904580,1345895100,1345904580,0,0,0,88,88,11,77,0,0,0,0,0,0,0,0,0,0,0,0,0
9535571,B6,585,HPN,FLL,1345852800,1345910340,1345920780,1345910340,1345920780,1345852800,1345895940,1345906380,1345895940,1345906380,0,0,0,87,87,8,79,0,0,0,0,0,0,0,0,0,5,0,0,0
9502743,B6,61,JFK,FLL,1345852800,1345910340,1345920840,1345910340,1345920840,1345852800,1345895940,1345906440,1345895940,1345906440,0,0,0,116,116,18,98,0,0,0,0,0,0,0,6,0,1,0,0,0
9542204,B6,658,JFK,SYR,1345852800,1345910760,1345914960,1345910760,1345914960,1345852800,1345896360,1345900560,1345896360,1345900560,0,0,0,83,83,8,75,0,0,0,0,0,0,0,0,0,0,0,0,0
9557729,B6,845,BOS,SJU,1345852800,1345911600,1345925700,1345911600,1345925700,1345852800,1345897200,1345911300,1345897200,1345911300,0,0,0,148,148,24,124,0,0,0,0,0,0,0,0,1,0,0,0,0
9545632,B6,689,BOS,DCA,1345852800,1345911900,1345917480,1345911900,1345917480,1345852800,1345897500,1345903080,1345897500,1345903080,0,0,0,86,86,14,72,0,0,0,0,0,4,0,0,0,0,0,0,0
9572189,B6,1187,BOS,SRQ,1345852800,1345912800,1345924320,1345912800,1345924320,1345852800,1345898400,1345909920,1345898400,1345909920,0,0,0,68,68,9,59,0,0,0,0,0,0,0,0,0,0,0,0,0
9530976,B6,505,EWR,FLL,1345852800,1345913940,1345924380,1345913940,1345924380,1345852800,1345899540,1345909980,1345899540,1345909980,0,0,0,121,121,11,110,0,0,0,0,0,0,0,0,0,0,0,0,0
9563230,B6,953,BOS,MCO,1345852800,1345914000,1345924800,1345914000,1345924800,1345852800,1345899600,1345910400,1345899600,1345910400,0,0,0,53,53,39,14,0,0,0,0,0,0,0,0,0,0,0,0,0
9561475,B6,921,BOS,ORD,1345852800,1345914300,1345923720,1345914300,1345923720,1345852800,1345899900,1345905720,1345899900,1345905720,0,0,0,85,85,9,76,0,0,0,0,0,0,0,0,0,0,0,0,0
9537736,B6,604,JFK,PWM,1345852800,1345914900,1345919520,1345914900,1345919520,1345852800,1345900500,1345905120,1345900500,1345905120,0,0,0,91,91,12,79,0,0,0,0,0,0,0,0,0,0,0,0,0
9546070,B6,693,DCA,MCO,1345852800,1345914900,1345922880,1345914900,1345922880,1345852800,1345900500,1345908480,1345900500,1345908480,0,0,0,0,0,0,0,0,0,0,0,0,0,0,0,0,0,0,0,0
9512950,B6,209,JFK,LGB,1345852800,1345915500,1345936680,1345915500,1345936680,1345852800,1345901100,1345911480,1345901100,1345911480,0,0,0,150,126,40,86,0,0,0,0,0,4,4,8,0,8,0,0,0
9523478,B6,377,LGA,FLL,1345852800,1345915740,1345926840,1345915740,1345926840,1345852800,1345901340,1345912440,1345901340,1345912440,0,0,0,139,139,19,120,0,0,0,0,0,0,0,0,0,0,0,0,0
9554410,B6,809,JFK,SDQ,1345852800,1345915740,1345930200,1345915740,1345930200,1345852800,1345901340,1345915800,1345901340,1345915800,0,0,0,138,138,86,52,0,0,0,0,0,0,0,0,1,1,0,0,0
9503383,B6,67,BUF,JFK,1345852800,1345915800,1345920960,1345915800,1345920960,1345852800,1345901400,1345906560,1345901400,1345906560,0,0,0,85,85,45,40,0,0,0,0,0,0,2,0,0,0,0,0,0
9508880,B6,141,JFK,PBI,1345852800,1345916160,1345926180,1345916160,1345926180,1345852800,1345901760,1345911780,1345901760,1345911780,0,0,0,122,122,14,108,0,0,0,0,0,0,0,0,1,0,0,0,0
9527455,B6,447,BOS,TPA,1345852800,1345916400,1345927620,1345916400,1345927620,1345852800,1345902000,1345913220,1345902000,1345913220,0,0,0,150,150,16,134,0,0,0,0,0,0,0,0,0,0,0,0,0
9532274,B6,525,EWR,MCO,1345852800,1345916640,1345926300,1345916640,1345926300,1345852800,1345902240,1345911900,1345902240,1345911900,0,0,0,98,98,20,78,0,0,0,0,0,0,0,0,0,0,0,0,0
9502997,B6,63,JFK,TPA,1345852800,1345917540,1345927980,1345917540,1345927980,1345852800,1345903140,1345913580,1345903140,1345913580,0,0,0,150,150,11,139,0,0,0,0,0,4,0,0,0,0,0,0,0
9522222,B6,355,JFK,BUR,1345852800,1345917540,1345938780,1345917540,1345938780,1345852800,1345903140,1345913580,1345903140,1345913580,0,0,0,131,131,18,113,0,0,0,0,0,0,0,0,1,0,0,0,0
9787657,B6,2851,JFK,TPA,1345852800,1345917600,1345928400,1345917600,1345928400,1345852800,1345903200,1345914000,1345903200,1345914000,0,0,0,159,159,52,107,0,0,0,0,0,0,0,0,2,0,0,0,0
9788737,B6,2850,TPA,JFK,1345852800,1345917600,1345928400,1345917600,1345928400,1345852800,1345903200,1345914000,1345903200,1345914000,0,0,0,159,159,105,54,0,0,0,0,0,4,0,0,0,0,0,0,0
9503900,B6,74,JFK,BTV,1345852800,1345918500,1345923300,1345918500,1345923300,1345852800,1345904100,1345908900,1345904100,1345908900,0,0,0,149,149,15,134,0,0,0,0,0,0,1,0,0,0,0,0,0
9499812,B6,36,JFK,ROC,1345852800,1345919100,1345924620,1345919100,1345924620,1345852800,1345904700,1345910220,1345904700,1345910220,0,0,0,87,87,28,59,0,0,0,0,0,0,0,0,0,0,0,0,0
9562646,B6,945,BOS,MCO,1345852800,1345919100,1345930020,1345919100,1345930020,1345852800,1345904700,1345915620,1345904700,1345915620,0,0,0,36,36,29,7,0,0,0,0,0,0,0,0,0,0,0,0,0
9538603,B6,615,JFK,JAX,1345852800,1345919340,1345928700,1345919340,1345928700,1345852800,1345904940,1345914300,1345904940,1345914300,0,0,0,93,93,29,64,0,0,0,0,0,0,0,0,0,0,0,0,0
9507998,B6,133,JFK,RSW,1345852800,1345919340,1345930620,1345919340,1345930620,1345852800,1345904940,1345916220,1345904940,1345916220,0,0,0,150,150,32,118,0,0,0,0,0,0,0,0,0,0,0,0,0
9515442,B6,255,BOS,DFW,1345852800,1345919400,1345933200,1345919400,1345933200,1345852800,1345905000,1345915200,1345905000,1345915200,0,0,0,72,72,28,44,0,0,0,0,0,0,0,0,0,0,0,0,0
9547078,B6,705,JFK,SJU,1345852800,1345919400,1345933920,1345919400,1345933920,1345852800,1345905000,1345919520,1345905000,1345919520,0,0,0,150,150,18,132,0,0,0,0,0,0,0,0,0,0,0,0,0
9535106,B6,581,HPN,PBI,1345852800,1345919700,1345929780,1345919700,1345929780,1345852800,1345905300,1345915380,1345905300,1345915380,0,0,0,96,96,38,58,0,0,0,0,0,0,0,0,0,0,0,0,0
9507118,B6,119,JFK,MSY,1345852800,1345920000,1345931280,1345920000,1345931280,1345852800,1345905600,1345913280,1345905600,1345913280,0,0,0,102,102,15,87,0,0,0,0,0,0,0,0,0,0,0,0,0
9509369,B6,151,JFK,MCO,1345852800,1345921140,1345931880,1345921140,1345931880,1345852800,1345906740,1345917480,1345906740,1345917480,0,0,0,150,150,34,116,0,0,0,0,0,0,0,0,0,0,0,0,0
9575498,B6,1243,BOS,CLT,1345852800,1345921200,1345929540,1345921200,1345929540,1345852800,1345906800,1345915140,1345906800,1345915140,0,0,0,78,78,12,66,0,0,0,0,1,0,0,0,0,0,0,0,0
9788017,B6,2853,JFK,TPA,1345852800,1345921200,1345932000,1345921200,1345932000,1345852800,1345906800,1345917600,1345906800,1345917600,0,0,0,159,159,50,109,0,0,0,0,0,4,0,0,0,0,0,0,0
9564832,B6,971,BOS,FLL,1345852800,1345921500,1345933440,1345921500,1345933440,1345852800,1345907100,1345919040,1345907100,1345919040,0,0,0,53,53,12,41,0,0,0,0,0,0,0,0,0,0,0,0,0
9531372,B6,509,EWR,FLL,1345852800,1345921920,1345932840,1345921920,1345932840,1345852800,1345907520,1345918440,1345907520,1345918440,0,0,0,120,120,10,110,0,0,0,0,0,0,0,0,0,0,0,0,0
9571899,B6,1177,BOS,EWR,1345852800,1345922100,1345927620,1345922100,1345927620,1345852800,1345907700,1345913220,1345907700,1345913220,0,0,0,86,86,28,58,0,0,0,0,0,0,0,0,0,0,0,0,0
9532935,B6,537,EWR,TPA,1345852800,1345923000,1345933260,1345923000,1345933260,1345852800,1345908600,1345918860,1345908600,1345918860,0,0,0,105,105,8,97,0,0,0,0,0,0,0,0,0,0,0,0,0
9546797,B6,703,JFK,SJU,1345852800,1345923000,1345937940,1345923000,1345937940,1345852800,1345908600,1345923540,1345908600,1345923540,0,0,0,150,150,26,124,0,0,0,0,0,0,0,0,0,0,0,0,0
9566329,B6,1015,BOS,JFK,1345852800,1345923900,1345928580,1345923900,1345928580,1345852800,1345909500,1345914180,1345909500,1345914180,0,0,0,95,95,17,78,0,0,0,0,0,0,3,4,0,2,0,0,0
9539860,B6,633,BOS,SFO,1345852800,1345924500,1345947780,1345924500,1345947780,1345852800,1345910100,1345922580,1345910100,1345922580,0,0,0,132,132,31,101,0,0,0,0,0,0,0,0,0,0,0,0,0
9498560,B6,24,JFK,SYR,1345852800,1345924740,1345930320,1345924740,1345930320,1345852800,1345910340,1345915920,1345910340,1345915920,0,0,0,150,150,18,132,0,0,0,0,0,0,0,0,2,0,0,0,0
9496471,B6,6,JFK,BUF,1345852800,1345924740,1345930980,1345924740,1345930980,1345852800,1345910340,1345916580,1345910340,1345916580,0,0,0,96,96,60,36,0,0,0,0,0,0,0,0,0,0,0,0,0
9535902,B6,589,HPN,FLL,1345852800,1345924740,1345935300,1345924740,1345935300,1345852800,1345910340,1345920900,1345910340,1345920900,0,0,0,79,79,9,70,0,0,0,0,0,0,0,0,0,0,0,0,0
9545874,B6,691,BOS,DCA,1345852800,1345924800,1345930620,1345924800,1345930620,1345852800,1345910400,1345916220,1345910400,1345916220,0,0,0,61,61,12,49,0,0,0,0,0,0,0,0,0,0,0,0,0
9525737,B6,411,BOS,SAN,1345852800,1345926300,1345948020,1345926300,1345948020,1345852800,1345911900,1345922820,1345911900,1345922820,0,0,0,150,150,26,124,0,0,0,0,0,0,0,0,0,0,0,0,0
9522716,B6,369,LGA,PBI,1345852800,1345926540,1345937280,1345926540,1345937280,1345852800,1345912140,1345922880,1345912140,1345922880,0,0,0,1,1,1,0,0,0,0,0,0,0,0,0,0,0,0,0,0
9543882,B6,675,JFK,LAX,1345852800,1345926540,1345948740,1345926540,1345948740,1345852800,1345912140,1345923540,1345912140,1345923540,0,0,0,130,130,50,80,0,0,0,0,0,0,0,0,0,0,0,0,0
9744018,B6,153,JFK,MCO,1345852800,1345926600,1345937460,1345926600,1345937460,1345852800,1345912200,1345923060,1345912200,1345923060,0,0,0,5,5,1,4,0,0,0,0,0,0,0,0,0,0,0,0,0
9528742,B6,471,BOS,SJC,1345852800,1345926900,1345950000,1345926900,1345950000,1345852800,1345912500,1345924800,1345912500,1345924800,0,0,0,150,150,17,133,0,0,0,0,0,0,0,0,0,0,0,0,0
9528616,B6,467,BOS,RSW,1345852800,1345927500,1345939380,1345927500,1345939380,1345852800,1345913100,1345924980,1345913100,1345924980,0,0,0,150,150,18,132,0,0,0,0,0,0,0,0,0,0,0,0,0
9497290,B6,15,JFK,FLL,1345852800,1345928400,1345940280,1345928400,1345940280,1345852800,1345914000,1345925880,1345914000,1345925880,0,0,0,106,106,35,71,0,0,0,0,0,0,0,0,0,0,0,0,0
9526270,B6,419,BOS,LGB,1345852800,1345928520,1345951080,1345928520,1345951080,1345852800,1345914120,1345925880,1345914120,1345925880,0,0,0,150,150,30,120,0,0,0,0,0,0,1,0,0,0,0,0,0
9538984,B6,618,JFK,PWM,1345852800,1345928880,1345934460,1345928880,1345934460,1345852800,1345914480,1345920060,1345914480,1345920060,0,0,0,79,79,11,68,0,0,0,0,0,0,0,0,0,0,0,0,0
9533189,B6,547,EWR,PBI,1345852800,1345929600,1345939740,1345929600,1345939740,1345852800,1345915200,1345925340,1345915200,1345925340,0,0,0,127,127,5,122,0,0,0,0,0,0,0,0,0,0,0,0,0
9526397,B6,421,BOS,PBI,1345852800,1345929900,1345940940,1345929900,1345940940,1345852800,1345915500,1345926540,1345915500,1345926540,0,0,0,150,150,24,126,0,0,0,0,0,0,0,0,0,0,0,0,0
9500650,B6,44,JFK,BTV,1345852800,1345930740,1345936260,1345930740,1345936260,1345852800,1345916340,1345921860,1345916340,1345921860,0,0,0,100,100,11,89,0,0,0,0,0,0,0,0,0,0,0,0,0
9561983,B6,925,BOS,ORD,1345852800,1345930800,1345940400,1345930800,1345940400,1345852800,1345916400,1345922400,1345916400,1345922400,0,0,0,81,81,12,69,0,0,0,0,0,0,0,0,0,0,0,0,0
9496830,B6,9,JFK,MCO,1345852800,1345930800,1345941600,1345930800,1345941600,1345852800,1345916400,1345927200,1345916400,1345927200,0,0,0,125,125,15,110,0,0,0,0,0,0,0,1,1,1,0,0,0
9566576,B6,1017,BOS,JFK,1345852800,1345931700,1345936860,1345931700,1345936860,1345852800,1345917300,1345922460,1345917300,1345922460,0,0,0,85,85,14,71,0,0,0,0,0,0,0,0,0,0,0,0,0
9666677,B6,693,BOS,DCA,1345852800,1345931700,1345937460,1345931700,1345937460,1345852800,1345917300,1345923060,1345917300,1345923060,0,0,0,78,78,14,64,0,0,0,0,0,0,0,0,0,2,0,0,0
9645299,B6,391,LGA,MCO,1345852800,1345931940,1345942020,1345931940,1345942020,1345852800,1345917540,1345927620,1345917540,1345927620,0,0,0,143,143,38,105,0,0,0,0,0,0,0,0,1,0,0,0,0
